<?xml version="1.0" encoding="UTF-8"?>
<!-- Generated by org.testng.reporters.JUnitXMLReporter -->
<testsuite ignored="0" hostname="LAPTOP-AST8DPON" failures="0" tests="6" name="Signing Up for Miro with Valid Credentials" time="16.937" errors="0" timestamp="2021-11-28T12:01:05 CET">
  <testcase classname="org.miro.testClasses.SignUpWithValidCredentialsTest" name="verifyPageTitle" time="0.151"/>
  <testcase classname="org.miro.testClasses.SignUpWithValidCredentialsTest" name="verifyUserDetailsAreAdded" time="0.641"/>
  <testcase classname="org.miro.testClasses.SignUpWithValidCredentialsTest" name="verifyPasswordIsAdded" time="0.291"/>
  <testcase classname="org.miro.testClasses.SignUpWithValidCredentialsTest" name="verifyUserAgreeToTerms" time="0.259"/>
  <testcase classname="org.miro.testClasses.SignUpWithValidCredentialsTest" name="verifyClicksOnGetStartedNow" time="2.726"/>
  <testcase classname="org.miro.testClasses.SignUpWithValidCredentialsTest" name="verifyCheckYourEmailScreenIsVisible" time="0.049"/>
</testsuite> <!-- Signing Up for Miro with Valid Credentials -->
