<?xml version="1.0" encoding="UTF-8"?>
<!-- Generated by org.testng.reporters.JUnitXMLReporter -->
<testsuite ignored="0" hostname="LAPTOP-AST8DPON" failures="0" tests="6" name="Signing Up for Miro Without User Details" time="13.394" errors="0" timestamp="2021-11-28T12:01:02 CET">
  <testcase classname="org.miro.testClasses.SignUpWithoutCredentialsTest" name="verifyPageTitle" time="0.148"/>
  <testcase classname="org.miro.testClasses.SignUpWithoutCredentialsTest" name="verifyClicksOnGetStartedNow" time="0.232"/>
  <testcase classname="org.miro.testClasses.SignUpWithoutCredentialsTest" name="verifyEnterYourEmailErrorIsVisible" time="0.095"/>
  <testcase classname="org.miro.testClasses.SignUpWithoutCredentialsTest" name="verifyEnterYourNameErrorIsVisible" time="0.067"/>
  <testcase classname="org.miro.testClasses.SignUpWithoutCredentialsTest" name="verifyEnterYourPasswordErrorIsVisible" time="0.074"/>
  <testcase classname="org.miro.testClasses.SignUpWithoutCredentialsTest" name="verifyPleaseAgreeWithTermsErrorIsVisible" time="0.059"/>
</testsuite> <!-- Signing Up for Miro Without User Details -->
