<?xml version="1.0" encoding="UTF-8"?>
<!-- Generated by org.testng.reporters.JUnitXMLReporter -->
<testsuite ignored="0" hostname="LAPTOP-AST8DPON" failures="0" tests="6" name="Signing Up for Miro Without User Details" time="13.209" errors="0" timestamp="2021-11-28T11:36:57 CET">
  <testcase classname="org.miro.testClasses.SignUpWithoutCredentialsTest" name="verifyPageTitle" time="0.185"/>
  <testcase classname="org.miro.testClasses.SignUpWithoutCredentialsTest" name="verifyClicksOnGetStartedNow" time="0.217"/>
  <testcase classname="org.miro.testClasses.SignUpWithoutCredentialsTest" name="verifyEnterYourEmailErrorIsVisible" time="0.105"/>
  <testcase classname="org.miro.testClasses.SignUpWithoutCredentialsTest" name="verifyEnterYourNameErrorIsVisible" time="0.052"/>
  <testcase classname="org.miro.testClasses.SignUpWithoutCredentialsTest" name="verifyEnterYourPasswordErrorIsVisible" time="0.059"/>
  <testcase classname="org.miro.testClasses.SignUpWithoutCredentialsTest" name="verifyPleaseAgreeWithTermsErrorIsVisible" time="0.061"/>
</testsuite> <!-- Signing Up for Miro Without User Details -->
