<?xml version="1.0" encoding="UTF-8"?>
<!-- Generated by org.testng.reporters.JUnitXMLReporter -->
<testsuite ignored="0" hostname="LAPTOP-AST8DPON" failures="0" tests="6" name="Signing Up for Miro with Valid Credentials" time="16.704" errors="0" timestamp="2021-11-28T11:37:01 CET">
  <testcase classname="org.miro.testClasses.SignUpWithValidCredentialsTest" name="verifyPageTitle" time="0.186"/>
  <testcase classname="org.miro.testClasses.SignUpWithValidCredentialsTest" name="verifyUserDetailsAreAdded" time="0.45"/>
  <testcase classname="org.miro.testClasses.SignUpWithValidCredentialsTest" name="verifyPasswordIsAdded" time="0.271"/>
  <testcase classname="org.miro.testClasses.SignUpWithValidCredentialsTest" name="verifyUserAgreeToTerms" time="0.034"/>
  <testcase classname="org.miro.testClasses.SignUpWithValidCredentialsTest" name="verifyClicksOnGetStartedNow" time="3.334"/>
  <testcase classname="org.miro.testClasses.SignUpWithValidCredentialsTest" name="verifyCheckYourEmailScreenIsVisible" time="0.036"/>
</testsuite> <!-- Signing Up for Miro with Valid Credentials -->
